{
  "stats": {
    "suites": 2,
    "tests": 3,
    "passes": 2,
    "pending": 0,
    "failures": 1,
    "start": "2023-06-20T13:47:26.791Z",
    "end": "2023-06-20T13:48:16.210Z",
    "duration": 49419,
    "testsRegistered": 3,
    "passPercent": 66.66666666666666,
    "pendingPercent": 0,
    "other": 0,
    "hasOther": false,
    "skipped": 0,
    "hasSkipped": false
  },
  "results": [
    {
      "uuid": "2409cfce-43eb-4e29-878c-059a6d4efc93",
      "title": "",
      "fullFile": "cypress\\e2e\\inspifyPractice.spec.cy.ts",
      "file": "cypress\\e2e\\inspifyPractice.spec.cy.ts",
      "beforeHooks": [],
      "afterHooks": [],
      "tests": [],
      "suites": [
        {
          "uuid": "61dcc7d0-1c29-403e-a724-e6e888b25ef0",
          "title": "Login Functionality",
          "fullFile": "",
          "file": "",
          "beforeHooks": [],
          "afterHooks": [],
          "tests": [
            {
              "title": "Launch URL",
              "fullTitle": "Login Functionality Launch URL",
              "timedOut": null,
              "duration": 5297,
              "state": "passed",
              "speed": "medium",
              "pass": true,
              "fail": false,
              "pending": false,
              "context": null,
              "code": "cy.visit(testData.URL);\nlogin.loginToSite(testData.Username, testData.Password);",
              "err": {},
              "uuid": "555f1034-fe94-4d6b-8ecf-19a1cefede56",
              "parentUUID": "61dcc7d0-1c29-403e-a724-e6e888b25ef0",
              "isHook": false,
              "skipped": false
            },
            {
              "title": "Custom Command",
              "fullTitle": "Login Functionality Custom Command",
              "timedOut": null,
              "duration": 2311,
              "state": "passed",
              "speed": "fast",
              "pass": true,
              "fail": false,
              "pending": false,
              "context": null,
              "code": "cy.login(testData.URL, testData.Username, testData.Password);",
              "err": {},
              "uuid": "4c98fa6a-24b9-4612-b890-d75906316fcd",
              "parentUUID": "61dcc7d0-1c29-403e-a724-e6e888b25ef0",
              "isHook": false,
              "skipped": false
            }
          ],
          "suites": [],
          "passes": [
            "555f1034-fe94-4d6b-8ecf-19a1cefede56",
            "4c98fa6a-24b9-4612-b890-d75906316fcd"
          ],
          "failures": [],
          "pending": [],
          "skipped": [],
          "duration": 7608,
          "root": false,
          "rootEmpty": false,
          "_timeout": 2000
        },
        {
          "uuid": "dbbabcf4-3582-4d77-b506-df3f7dfb7f95",
          "title": "CreateStorybook",
          "fullFile": "",
          "file": "",
          "beforeHooks": [],
          "afterHooks": [],
          "tests": [
            {
              "title": "CreateStorybook",
              "fullTitle": "CreateStorybook CreateStorybook",
              "timedOut": null,
              "duration": 39275,
              "state": "failed",
              "speed": null,
              "pass": false,
              "fail": true,
              "pending": false,
              "context": null,
              "code": "cy.login(testData.URL, testData.Username, testData.Password);\ncy.wait(4000);\nhome.clickOnStorybookmenuButton();\ncy.wait(4000);\nhome.clickOnCreateStorybookButton();\ncy.wait(4000);\nhome.enterSBTitleandClickOnSaveButton();\ncy.wait(4000);\nhome.UploadAFile();\ncy.wait(7500);\nhome.SelectUploadedFile();\nhome.ClickOnActivateButton();\ncy.wait(4000);\nhome.ClickOnActivateButton2();",
              "err": {
                "message": "AssertionError: Timed out retrying after 4000ms: Expected to find element: `.SBPageThumbnail .light-border`, but never found it.",
                "estack": "AssertionError: Timed out retrying after 4000ms: Expected to find element: `.SBPageThumbnail .light-border`, but never found it.\n    at ./cypress/pages/HomePage.ts.HomePage.SelectUploadedFile (webpack:///./cypress/pages/HomePage.ts:25:0)\n    at Context.eval (webpack:///./cypress/e2e/inspifyPractice.spec.cy.ts:43:0)",
                "diff": null
              },
              "uuid": "4ba07a0e-4b37-4a4c-a313-250df0de3bfd",
              "parentUUID": "dbbabcf4-3582-4d77-b506-df3f7dfb7f95",
              "isHook": false,
              "skipped": false
            }
          ],
          "suites": [],
          "passes": [],
          "failures": [
            "4ba07a0e-4b37-4a4c-a313-250df0de3bfd"
          ],
          "pending": [],
          "skipped": [],
          "duration": 39275,
          "root": false,
          "rootEmpty": false,
          "_timeout": 2000
        }
      ],
      "passes": [],
      "failures": [],
      "pending": [],
      "skipped": [],
      "duration": 0,
      "root": true,
      "rootEmpty": true,
      "_timeout": 2000
    }
  ],
  "meta": {
    "mocha": {
      "version": "7.0.1"
    },
    "mochawesome": {
      "options": {
        "quiet": false,
        "reportFilename": "mochawesome",
        "saveHtml": false,
        "saveJson": true,
        "consoleReporter": "spec",
        "useInlineDiffs": false,
        "code": true
      },
      "version": "7.1.3"
    },
    "marge": {
      "options": {
        "id": "default",
        "reportDir": "cypress/results/json",
        "overwrite": false,
        "html": false,
        "json": true
      },
      "version": "6.2.0"
    }
  }
}