{
  "stats": {
    "suites": 2,
    "tests": 3,
    "passes": 3,
    "pending": 0,
    "failures": 0,
    "start": "2023-06-20T13:49:59.561Z",
    "end": "2023-06-20T13:50:51.345Z",
    "duration": 51784,
    "testsRegistered": 3,
    "passPercent": 100,
    "pendingPercent": 0,
    "other": 0,
    "hasOther": false,
    "skipped": 0,
    "hasSkipped": false
  },
  "results": [
    {
      "uuid": "68203160-5882-48c8-a494-e35e84470d88",
      "title": "",
      "fullFile": "cypress\\e2e\\inspifyPractice.spec.cy.ts",
      "file": "cypress\\e2e\\inspifyPractice.spec.cy.ts",
      "beforeHooks": [],
      "afterHooks": [],
      "tests": [],
      "suites": [
        {
          "uuid": "a916b3b0-70b7-46bb-bd82-3975422368cd",
          "title": "Login Functionality",
          "fullFile": "",
          "file": "",
          "beforeHooks": [],
          "afterHooks": [],
          "tests": [
            {
              "title": "Launch URL",
              "fullTitle": "Login Functionality Launch URL",
              "timedOut": null,
              "duration": 5415,
              "state": "passed",
              "speed": "medium",
              "pass": true,
              "fail": false,
              "pending": false,
              "context": null,
              "code": "cy.visit(testData.URL);\nlogin.loginToSite(testData.Username, testData.Password);",
              "err": {},
              "uuid": "76854364-b4f0-428d-8119-27f74b54f48b",
              "parentUUID": "a916b3b0-70b7-46bb-bd82-3975422368cd",
              "isHook": false,
              "skipped": false
            },
            {
              "title": "Custom Command",
              "fullTitle": "Login Functionality Custom Command",
              "timedOut": null,
              "duration": 2103,
              "state": "passed",
              "speed": "fast",
              "pass": true,
              "fail": false,
              "pending": false,
              "context": null,
              "code": "cy.login(testData.URL, testData.Username, testData.Password);",
              "err": {},
              "uuid": "3e775eca-ed4a-48f7-894d-dfd3fcd8d6b6",
              "parentUUID": "a916b3b0-70b7-46bb-bd82-3975422368cd",
              "isHook": false,
              "skipped": false
            }
          ],
          "suites": [],
          "passes": [
            "76854364-b4f0-428d-8119-27f74b54f48b",
            "3e775eca-ed4a-48f7-894d-dfd3fcd8d6b6"
          ],
          "failures": [],
          "pending": [],
          "skipped": [],
          "duration": 7518,
          "root": false,
          "rootEmpty": false,
          "_timeout": 2000
        },
        {
          "uuid": "88fd296e-973a-4f0b-bac9-dbc1895d5767",
          "title": "CreateStorybook",
          "fullFile": "",
          "file": "",
          "beforeHooks": [],
          "afterHooks": [],
          "tests": [
            {
              "title": "CreateStorybook",
              "fullTitle": "CreateStorybook CreateStorybook",
              "timedOut": null,
              "duration": 41502,
              "state": "passed",
              "speed": "slow",
              "pass": true,
              "fail": false,
              "pending": false,
              "context": null,
              "code": "cy.login(testData.URL, testData.Username, testData.Password);\ncy.wait(4000);\nhome.clickOnStorybookmenuButton();\ncy.wait(4000);\nhome.clickOnCreateStorybookButton();\ncy.wait(4000);\nhome.enterSBTitleandClickOnSaveButton();\ncy.wait(4000);\nhome.UploadAFile();\ncy.wait(7500);\nhome.SelectUploadedFile();\nhome.ClickOnActivateButton();\ncy.wait(4000);\nhome.ClickOnActivateButton2();",
              "err": {},
              "uuid": "8c3100e5-6973-4d7b-a194-b73f2f665ee8",
              "parentUUID": "88fd296e-973a-4f0b-bac9-dbc1895d5767",
              "isHook": false,
              "skipped": false
            }
          ],
          "suites": [],
          "passes": [
            "8c3100e5-6973-4d7b-a194-b73f2f665ee8"
          ],
          "failures": [],
          "pending": [],
          "skipped": [],
          "duration": 41502,
          "root": false,
          "rootEmpty": false,
          "_timeout": 2000
        }
      ],
      "passes": [],
      "failures": [],
      "pending": [],
      "skipped": [],
      "duration": 0,
      "root": true,
      "rootEmpty": true,
      "_timeout": 2000
    }
  ],
  "meta": {
    "mocha": {
      "version": "7.0.1"
    },
    "mochawesome": {
      "options": {
        "quiet": false,
        "reportFilename": "mochawesome",
        "saveHtml": false,
        "saveJson": true,
        "consoleReporter": "spec",
        "useInlineDiffs": false,
        "code": true
      },
      "version": "7.1.3"
    },
    "marge": {
      "options": {
        "id": "default",
        "reportDir": "cypress/results/json",
        "overwrite": false,
        "html": false,
        "json": true
      },
      "version": "6.2.0"
    }
  }
}