{
  "stats": {
    "suites": 2,
    "tests": 3,
    "passes": 2,
    "pending": 0,
    "failures": 1,
    "start": "2023-06-21T11:12:06.837Z",
    "end": "2023-06-21T11:12:47.201Z",
    "duration": 40364,
    "testsRegistered": 3,
    "passPercent": 66.66666666666666,
    "pendingPercent": 0,
    "other": 0,
    "hasOther": false,
    "skipped": 0,
    "hasSkipped": false
  },
  "results": [
    {
      "uuid": "3a1f0efd-7ea9-4264-b23b-710d4677e01f",
      "title": "",
      "fullFile": "cypress\\e2e\\inspifyPractice.spec.cy.ts",
      "file": "cypress\\e2e\\inspifyPractice.spec.cy.ts",
      "beforeHooks": [],
      "afterHooks": [],
      "tests": [],
      "suites": [
        {
          "uuid": "e64bb5d4-b5b7-4e29-9f53-a4bc7319e23f",
          "title": "Login Functionality",
          "fullFile": "",
          "file": "",
          "beforeHooks": [],
          "afterHooks": [],
          "tests": [
            {
              "title": "Launch URL",
              "fullTitle": "Login Functionality Launch URL",
              "timedOut": null,
              "duration": 9638,
              "state": "passed",
              "speed": "medium",
              "pass": true,
              "fail": false,
              "pending": false,
              "context": null,
              "code": "cy.visit(testData.URL);\nlogin.loginToSite(testData.Username, testData.Password);",
              "err": {},
              "uuid": "21c00138-4a4c-4690-bfc2-7562d0cdc41f",
              "parentUUID": "e64bb5d4-b5b7-4e29-9f53-a4bc7319e23f",
              "isHook": false,
              "skipped": false
            },
            {
              "title": "Custom Command",
              "fullTitle": "Login Functionality Custom Command",
              "timedOut": null,
              "duration": 6229,
              "state": "passed",
              "speed": "medium",
              "pass": true,
              "fail": false,
              "pending": false,
              "context": null,
              "code": "cy.login(testData.URL, testData.Username, testData.Password);",
              "err": {},
              "uuid": "e986c90b-70f7-4dae-8a48-ac20f8c37785",
              "parentUUID": "e64bb5d4-b5b7-4e29-9f53-a4bc7319e23f",
              "isHook": false,
              "skipped": false
            }
          ],
          "suites": [],
          "passes": [
            "21c00138-4a4c-4690-bfc2-7562d0cdc41f",
            "e986c90b-70f7-4dae-8a48-ac20f8c37785"
          ],
          "failures": [],
          "pending": [],
          "skipped": [],
          "duration": 15867,
          "root": false,
          "rootEmpty": false,
          "_timeout": 2000
        },
        {
          "uuid": "d80d3c01-7e54-4dc1-95aa-7ae8bf2a74bd",
          "title": "CreateStorybook",
          "fullFile": "",
          "file": "",
          "beforeHooks": [],
          "afterHooks": [],
          "tests": [
            {
              "title": "CreateStorybook",
              "fullTitle": "CreateStorybook CreateStorybook",
              "timedOut": null,
              "duration": 20490,
              "state": "failed",
              "speed": null,
              "pass": false,
              "fail": true,
              "pending": false,
              "context": null,
              "code": "cy.login(testData.URL, testData.Username, testData.Password);\nhome.clickOnStorybookmenuButton();\nhome.clickOnCreateStorybookButton();\nhome.enterSBTitleandClickOnSaveButton();\nhome.UploadAFile();\nhome.SelectUploadedFile();\nhome.ClickOnActivateButton();\nhome.ClickOnActivateButton2();",
              "err": {
                "message": "CypressError: Timed out retrying after 5000ms: `cy.wait()` timed out waiting `5000ms` for the 1st request to the route: `image`. No request ever occurred.\n\nhttps://on.cypress.io/wait",
                "estack": "CypressError: Timed out retrying after 5000ms: `cy.wait()` timed out waiting `5000ms` for the 1st request to the route: `image`. No request ever occurred.\n\nhttps://on.cypress.io/wait\n    at cypressErr (https://nikhilp-prod1.inspify.com/__cypress/runner/cypress_runner.js:164260:18)\n    at Object.errByPath (https://nikhilp-prod1.inspify.com/__cypress/runner/cypress_runner.js:164315:10)\n    at checkForXhr (https://nikhilp-prod1.inspify.com/__cypress/runner/cypress_runner.js:151208:92)\n    at <unknown> (https://nikhilp-prod1.inspify.com/__cypress/runner/cypress_runner.js:151231:28)\n    at tryCatcher (https://nikhilp-prod1.inspify.com/__cypress/runner/cypress_runner.js:18744:23)\n    at Promise.attempt.Promise.try (https://nikhilp-prod1.inspify.com/__cypress/runner/cypress_runner.js:16018:29)\n    at whenStable (https://nikhilp-prod1.inspify.com/__cypress/runner/cypress_runner.js:156173:65)\n    at <unknown> (https://nikhilp-prod1.inspify.com/__cypress/runner/cypress_runner.js:155614:14)\n    at tryCatcher (https://nikhilp-prod1.inspify.com/__cypress/runner/cypress_runner.js:18744:23)\n    at Promise._settlePromiseFromHandler (https://nikhilp-prod1.inspify.com/__cypress/runner/cypress_runner.js:16679:31)\n    at Promise._settlePromise (https://nikhilp-prod1.inspify.com/__cypress/runner/cypress_runner.js:16736:18)\n    at Promise._settlePromise0 (https://nikhilp-prod1.inspify.com/__cypress/runner/cypress_runner.js:16781:10)\n    at Promise._settlePromises (https://nikhilp-prod1.inspify.com/__cypress/runner/cypress_runner.js:16861:18)\n    at Promise._fulfill (https://nikhilp-prod1.inspify.com/__cypress/runner/cypress_runner.js:16805:18)\n    at <unknown> (https://nikhilp-prod1.inspify.com/__cypress/runner/cypress_runner.js:18419:46)\nFrom Your Spec Code:\n    at ./cypress/pages/HomePage.ts.HomePage.UploadAFile (webpack:///./cypress/pages/HomePage.ts:22:0)\n    at Context.eval (webpack:///./cypress/e2e/inspifyPractice.spec.cy.ts:36:0)",
                "diff": null
              },
              "uuid": "0aee579d-25be-482b-928b-3ffa04a7b859",
              "parentUUID": "d80d3c01-7e54-4dc1-95aa-7ae8bf2a74bd",
              "isHook": false,
              "skipped": false
            }
          ],
          "suites": [],
          "passes": [],
          "failures": [
            "0aee579d-25be-482b-928b-3ffa04a7b859"
          ],
          "pending": [],
          "skipped": [],
          "duration": 20490,
          "root": false,
          "rootEmpty": false,
          "_timeout": 2000
        }
      ],
      "passes": [],
      "failures": [],
      "pending": [],
      "skipped": [],
      "duration": 0,
      "root": true,
      "rootEmpty": true,
      "_timeout": 2000
    }
  ],
  "meta": {
    "mocha": {
      "version": "7.0.1"
    },
    "mochawesome": {
      "options": {
        "quiet": false,
        "reportFilename": "mochawesome",
        "saveHtml": false,
        "saveJson": true,
        "consoleReporter": "spec",
        "useInlineDiffs": false,
        "code": true
      },
      "version": "7.1.3"
    },
    "marge": {
      "options": {
        "id": "default",
        "reportDir": "cypress/results/json",
        "overwrite": false,
        "html": false,
        "json": true
      },
      "version": "6.2.0"
    }
  }
}