{
  "stats": {
    "suites": 2,
    "tests": 3,
    "passes": 3,
    "pending": 0,
    "failures": 0,
    "start": "2023-06-21T10:23:29.986Z",
    "end": "2023-06-21T10:24:22.115Z",
    "duration": 52129,
    "testsRegistered": 3,
    "passPercent": 100,
    "pendingPercent": 0,
    "other": 0,
    "hasOther": false,
    "skipped": 0,
    "hasSkipped": false
  },
  "results": [
    {
      "uuid": "9c4021c7-63c0-4fcf-a0a1-8cd6c3a9df10",
      "title": "",
      "fullFile": "cypress\\e2e\\inspifyPractice.spec.cy.ts",
      "file": "cypress\\e2e\\inspifyPractice.spec.cy.ts",
      "beforeHooks": [],
      "afterHooks": [],
      "tests": [],
      "suites": [
        {
          "uuid": "e73945f1-0c15-455c-a781-454018183be5",
          "title": "Login Functionality",
          "fullFile": "",
          "file": "",
          "beforeHooks": [],
          "afterHooks": [],
          "tests": [
            {
              "title": "Launch URL",
              "fullTitle": "Login Functionality Launch URL",
              "timedOut": null,
              "duration": 9500,
              "state": "passed",
              "speed": "medium",
              "pass": true,
              "fail": false,
              "pending": false,
              "context": null,
              "code": "cy.visit(testData.URL);\nlogin.loginToSite(testData.Username, testData.Password);",
              "err": {},
              "uuid": "2864f646-2ddd-4bd1-823e-75325b91d2ec",
              "parentUUID": "e73945f1-0c15-455c-a781-454018183be5",
              "isHook": false,
              "skipped": false
            },
            {
              "title": "Custom Command",
              "fullTitle": "Login Functionality Custom Command",
              "timedOut": null,
              "duration": 3423,
              "state": "passed",
              "speed": "fast",
              "pass": true,
              "fail": false,
              "pending": false,
              "context": null,
              "code": "cy.login(testData.URL, testData.Username, testData.Password);",
              "err": {},
              "uuid": "d8997d89-968b-429f-96a3-a8543dceefdd",
              "parentUUID": "e73945f1-0c15-455c-a781-454018183be5",
              "isHook": false,
              "skipped": false
            }
          ],
          "suites": [],
          "passes": [
            "2864f646-2ddd-4bd1-823e-75325b91d2ec",
            "d8997d89-968b-429f-96a3-a8543dceefdd"
          ],
          "failures": [],
          "pending": [],
          "skipped": [],
          "duration": 12923,
          "root": false,
          "rootEmpty": false,
          "_timeout": 2000
        },
        {
          "uuid": "8afac7f1-2562-4e43-944e-b635ca4703cf",
          "title": "CreateStorybook",
          "fullFile": "",
          "file": "",
          "beforeHooks": [],
          "afterHooks": [],
          "tests": [
            {
              "title": "CreateStorybook",
              "fullTitle": "CreateStorybook CreateStorybook",
              "timedOut": null,
              "duration": 35392,
              "state": "passed",
              "speed": "slow",
              "pass": true,
              "fail": false,
              "pending": false,
              "context": null,
              "code": "cy.login(testData.URL, testData.Username, testData.Password);\nhome.clickOnStorybookmenuButton();\nhome.clickOnCreateStorybookButton();\nhome.enterSBTitleandClickOnSaveButton();\nhome.UploadAFile();\nhome.SelectUploadedFile();\nhome.ClickOnActivateButton();\nhome.ClickOnActivateButton2();",
              "err": {},
              "uuid": "59e9558d-3e47-4de2-9d59-5160c32217b5",
              "parentUUID": "8afac7f1-2562-4e43-944e-b635ca4703cf",
              "isHook": false,
              "skipped": false
            }
          ],
          "suites": [],
          "passes": [
            "59e9558d-3e47-4de2-9d59-5160c32217b5"
          ],
          "failures": [],
          "pending": [],
          "skipped": [],
          "duration": 35392,
          "root": false,
          "rootEmpty": false,
          "_timeout": 2000
        }
      ],
      "passes": [],
      "failures": [],
      "pending": [],
      "skipped": [],
      "duration": 0,
      "root": true,
      "rootEmpty": true,
      "_timeout": 2000
    }
  ],
  "meta": {
    "mocha": {
      "version": "7.0.1"
    },
    "mochawesome": {
      "options": {
        "quiet": false,
        "reportFilename": "mochawesome",
        "saveHtml": false,
        "saveJson": true,
        "consoleReporter": "spec",
        "useInlineDiffs": false,
        "code": true
      },
      "version": "7.1.3"
    },
    "marge": {
      "options": {
        "id": "default",
        "reportDir": "cypress/results/json",
        "overwrite": false,
        "html": false,
        "json": true
      },
      "version": "6.2.0"
    }
  }
}