{
  "stats": {
    "suites": 2,
    "tests": 3,
    "passes": 2,
    "pending": 0,
    "failures": 1,
    "start": "2023-06-21T11:20:59.673Z",
    "end": "2023-06-21T11:21:38.596Z",
    "duration": 38923,
    "testsRegistered": 3,
    "passPercent": 66.66666666666666,
    "pendingPercent": 0,
    "other": 0,
    "hasOther": false,
    "skipped": 0,
    "hasSkipped": false
  },
  "results": [
    {
      "uuid": "c1523abf-c039-45fa-af5f-a5013ac473c9",
      "title": "",
      "fullFile": "cypress\\e2e\\inspifyPractice.spec.cy.ts",
      "file": "cypress\\e2e\\inspifyPractice.spec.cy.ts",
      "beforeHooks": [],
      "afterHooks": [],
      "tests": [],
      "suites": [
        {
          "uuid": "9e9b380f-cf3b-473f-88de-9e53f422eff2",
          "title": "Login Functionality",
          "fullFile": "",
          "file": "",
          "beforeHooks": [],
          "afterHooks": [],
          "tests": [
            {
              "title": "Launch URL",
              "fullTitle": "Login Functionality Launch URL",
              "timedOut": null,
              "duration": 10493,
              "state": "passed",
              "speed": "slow",
              "pass": true,
              "fail": false,
              "pending": false,
              "context": null,
              "code": "cy.visit(testData.URL);\nlogin.loginToSite(testData.Username, testData.Password);",
              "err": {},
              "uuid": "b2a98248-93ce-470e-a9bb-7dc68255c11f",
              "parentUUID": "9e9b380f-cf3b-473f-88de-9e53f422eff2",
              "isHook": false,
              "skipped": false
            },
            {
              "title": "Custom Command",
              "fullTitle": "Login Functionality Custom Command",
              "timedOut": null,
              "duration": 5453,
              "state": "passed",
              "speed": "medium",
              "pass": true,
              "fail": false,
              "pending": false,
              "context": null,
              "code": "cy.login(testData.URL, testData.Username, testData.Password);",
              "err": {},
              "uuid": "fe4e92fe-c041-4599-adfc-5c15855b5acf",
              "parentUUID": "9e9b380f-cf3b-473f-88de-9e53f422eff2",
              "isHook": false,
              "skipped": false
            }
          ],
          "suites": [],
          "passes": [
            "b2a98248-93ce-470e-a9bb-7dc68255c11f",
            "fe4e92fe-c041-4599-adfc-5c15855b5acf"
          ],
          "failures": [],
          "pending": [],
          "skipped": [],
          "duration": 15946,
          "root": false,
          "rootEmpty": false,
          "_timeout": 2000
        },
        {
          "uuid": "b301b874-258e-4c41-94af-416f6bb456ed",
          "title": "CreateStorybook",
          "fullFile": "",
          "file": "",
          "beforeHooks": [],
          "afterHooks": [],
          "tests": [
            {
              "title": "CreateStorybook",
              "fullTitle": "CreateStorybook CreateStorybook",
              "timedOut": null,
              "duration": 18956,
              "state": "failed",
              "speed": null,
              "pass": false,
              "fail": true,
              "pending": false,
              "context": null,
              "code": "cy.login(testData.URL, testData.Username, testData.Password);\nhome.clickOnStorybookmenuButton();\nhome.clickOnCreateStorybookButton();\nhome.enterSBTitleandClickOnSaveButton();\nhome.UploadAFile();\nhome.SelectUploadedFile();\nhome.ClickOnActivateButton();\nhome.ClickOnActivateButton2();",
              "err": {
                "message": "CypressError: Timed out retrying after 5000ms: `cy.wait()` timed out waiting `5000ms` for the 1st request to the route: `image`. No request ever occurred.\n\nhttps://on.cypress.io/wait",
                "estack": "CypressError: Timed out retrying after 5000ms: `cy.wait()` timed out waiting `5000ms` for the 1st request to the route: `image`. No request ever occurred.\n\nhttps://on.cypress.io/wait\n    at cypressErr (https://nikhilp-prod1.inspify.com/__cypress/runner/cypress_runner.js:164260:18)\n    at Object.errByPath (https://nikhilp-prod1.inspify.com/__cypress/runner/cypress_runner.js:164315:10)\n    at checkForXhr (https://nikhilp-prod1.inspify.com/__cypress/runner/cypress_runner.js:151208:92)\n    at <unknown> (https://nikhilp-prod1.inspify.com/__cypress/runner/cypress_runner.js:151231:28)\n    at tryCatcher (https://nikhilp-prod1.inspify.com/__cypress/runner/cypress_runner.js:18744:23)\n    at Promise.attempt.Promise.try (https://nikhilp-prod1.inspify.com/__cypress/runner/cypress_runner.js:16018:29)\n    at whenStable (https://nikhilp-prod1.inspify.com/__cypress/runner/cypress_runner.js:156173:65)\n    at <unknown> (https://nikhilp-prod1.inspify.com/__cypress/runner/cypress_runner.js:155614:14)\n    at tryCatcher (https://nikhilp-prod1.inspify.com/__cypress/runner/cypress_runner.js:18744:23)\n    at Promise._settlePromiseFromHandler (https://nikhilp-prod1.inspify.com/__cypress/runner/cypress_runner.js:16679:31)\n    at Promise._settlePromise (https://nikhilp-prod1.inspify.com/__cypress/runner/cypress_runner.js:16736:18)\n    at Promise._settlePromise0 (https://nikhilp-prod1.inspify.com/__cypress/runner/cypress_runner.js:16781:10)\n    at Promise._settlePromises (https://nikhilp-prod1.inspify.com/__cypress/runner/cypress_runner.js:16861:18)\n    at Promise._fulfill (https://nikhilp-prod1.inspify.com/__cypress/runner/cypress_runner.js:16805:18)\n    at <unknown> (https://nikhilp-prod1.inspify.com/__cypress/runner/cypress_runner.js:18419:46)\nFrom Your Spec Code:\n    at ./cypress/pages/HomePage.ts.HomePage.UploadAFile (webpack:///./cypress/pages/HomePage.ts:22:0)\n    at Context.eval (webpack:///./cypress/e2e/inspifyPractice.spec.cy.ts:36:0)",
                "diff": null
              },
              "uuid": "e18acbc5-18e0-4798-ae6c-4fc67cea121b",
              "parentUUID": "b301b874-258e-4c41-94af-416f6bb456ed",
              "isHook": false,
              "skipped": false
            }
          ],
          "suites": [],
          "passes": [],
          "failures": [
            "e18acbc5-18e0-4798-ae6c-4fc67cea121b"
          ],
          "pending": [],
          "skipped": [],
          "duration": 18956,
          "root": false,
          "rootEmpty": false,
          "_timeout": 2000
        }
      ],
      "passes": [],
      "failures": [],
      "pending": [],
      "skipped": [],
      "duration": 0,
      "root": true,
      "rootEmpty": true,
      "_timeout": 2000
    }
  ],
  "meta": {
    "mocha": {
      "version": "7.0.1"
    },
    "mochawesome": {
      "options": {
        "quiet": false,
        "reportFilename": "mochawesome",
        "saveHtml": false,
        "saveJson": true,
        "consoleReporter": "spec",
        "useInlineDiffs": false,
        "code": true
      },
      "version": "7.1.3"
    },
    "marge": {
      "options": {
        "id": "default",
        "reportDir": "cypress/results/json",
        "overwrite": false,
        "html": false,
        "json": true
      },
      "version": "6.2.0"
    }
  }
}